<?xml version="1.0" encoding="UTF-8"?>
<testsuite xmlns:xsi="http://www.w3.org/2001/XMLSchema-instance" xsi:noNamespaceSchemaLocation="https://maven.apache.org/surefire/maven-surefire-plugin/xsd/surefire-test-report-3.0.xsd" version="3.0" name="ru.otus.hw.repositories.MongoGenreRepositoryTest" time="0.071" tests="1" errors="0" skipped="0" failures="0">
  <properties>
[...]
</properties>
  <testcase name="findAllByIdsShouldReturnGenres" classname="ru.otus.hw.repositories.MongoGenreRepositoryTest" time="0.064">
    <system-out><![CDATA[2024-05-30T20:03:26.859+03:00  INFO 501494 --- [           main] t.c.s.AnnotationConfigContextLoaderUtils : Could not detect default configuration classes for test class [ru.otus.hw.repositories.MongoGenreRepositoryTest]: MongoGenreRepositoryTest does not declare any static, non-private, non-final, nested classes annotated with @Configuration.
2024-05-30T20:03:26.862+03:00  INFO 501494 --- [           main] .b.t.c.SpringBootTestContextBootstrapper : Found @SpringBootConfiguration ru.otus.hw.Application for test class ru.otus.hw.repositories.MongoGenreRepositoryTest
]]></system-out>
  </testcase>
</testsuite>