<?xml version="1.0" encoding="UTF-8"?>
<testsuite xmlns:xsi="http://www.w3.org/2001/XMLSchema-instance" xsi:noNamespaceSchemaLocation="https://maven.apache.org/surefire/maven-surefire-plugin/xsd/surefire-test-report-3.0.xsd" version="3.0" name="ru.otus.hw.repositories.JpaAuthorRepositoryTest" time="1.835" tests="2" errors="0" skipped="0" failures="0">
  <properties>
[...]
</properties>
  <testcase name="findByIdWhenExistsShouldReturnAuthor" classname="ru.otus.hw.repositories.JpaAuthorRepositoryTest" time="0.092">
    <system-out><![CDATA[
  .   ____          _            __ _ _
 /\\ / ___'_ __ _ _(_)_ __  __ _ \ \ \ \
( ( )\___ | '_ | '_| | '_ \/ _` | \ \ \ \
 \\/  ___)| |_)| | | | | || (_| |  ) ) ) )
  '  |____| .__|_| |_|_| |_\__, | / / / /
 =========|_|==============|___/=/_/_/_/
 :: Spring Boot ::                (v3.1.5)

Hibernate: select a1_0.id,a1_0.full_name from authors a1_0 where a1_0.id=?
]]></system-out>
  </testcase>
  <testcase name="findAllShouldReturnAllAuthors" classname="ru.otus.hw.repositories.JpaAuthorRepositoryTest" time="0.047">
    <system-out><![CDATA[Hibernate: select a1_0.id,a1_0.full_name from authors a1_0
]]></system-out>
  </testcase>
</testsuite>